Started by user prashantravi
Building in workspace /jenkins/jobs/MicroMarket Automation/workspace
 > git rev-parse --is-inside-work-tree # timeout=10
Fetching changes from the remote Git repository
 > git config remote.origin.url git@github.com:oyorooms/Automation_OYOMitrApp.git # timeout=10
Fetching upstream changes from git@github.com:oyorooms/Automation_OYOMitrApp.git
 > git --version # timeout=10
 > git -c core.askpass=true fetch --tags --progress git@github.com:oyorooms/Automation_OYOMitrApp.git +refs/heads/*:refs/remotes/origin/*
 > git rev-parse refs/remotes/origin/master^{commit} # timeout=10
 > git rev-parse refs/remotes/origin/origin/master^{commit} # timeout=10
Checking out Revision b339d49a50023e9947500b51eeb22c616cc87ad3 (refs/remotes/origin/master)
 > git config core.sparsecheckout # timeout=10
 > git checkout -f b339d49a50023e9947500b51eeb22c616cc87ad3
 > git rev-list b339d49a50023e9947500b51eeb22c616cc87ad3 # timeout=10
No emails were triggered.
Parsing POMs
[workspace] $ /opt/jdk1.8.0_72/bin/java -cp /jenkins/plugins/maven-plugin/WEB-INF/lib/maven31-agent-1.5.jar:/jenkins/tools/hudson.tasks.Maven_MavenInstallation/maven-3.3.9/boot/plexus-classworlds-2.5.2.jar:/jenkins/tools/hudson.tasks.Maven_MavenInstallation/maven-3.3.9/conf/logging jenkins.maven3.agent.Maven31Main /jenkins/tools/hudson.tasks.Maven_MavenInstallation/maven-3.3.9 /var/cache/jenkins/war/WEB-INF/lib/remoting-2.57.jar /jenkins/plugins/maven-plugin/WEB-INF/lib/maven31-interceptor-1.5.jar /jenkins/plugins/maven-plugin/WEB-INF/lib/maven3-interceptor-commons-1.5.jar 43688
<===[JENKINS REMOTING CAPACITY]===>channel started
Executing Maven:  -B -f /jenkins/jobs/MicroMarket Automation/workspace/pom.xml -Dsuite=testng.xml test -Dbuildnumber=4 -DURL=https://www.oyorooms.com/
[INFO] Scanning for projects...
[WARNING] 
[WARNING] Some problems were encountered while building the effective model for MitrAppTest:MitrAppTest:jar:0.0.1-SNAPSHOT
[WARNING] 'dependencies.dependency.(groupId:artifactId:type:classifier)' must be unique: com.googlecode.json-simple:json-simple:jar -> duplicate declaration of version 1.1.1 @ line 101, column 15
[WARNING] 
[WARNING] It is highly recommended to fix these problems because they threaten the stability of your build.
[WARNING] 
[WARNING] For this reason, future Maven versions might no longer support building such malformed projects.
[WARNING] 
[INFO]                                                                         
[INFO] ------------------------------------------------------------------------
[INFO] Building MitrAppTest 0.0.1-SNAPSHOT
[INFO] ------------------------------------------------------------------------
[INFO] 
[INFO] --- maven-resources-plugin:2.6:resources (default-resources) @ MitrAppTest ---
[INFO] Using 'UTF-8' encoding to copy filtered resources.
[INFO] Copying 5 resources
[INFO] 
[INFO] --- maven-compiler-plugin:3.3:compile (default-compile) @ MitrAppTest ---
[INFO] Nothing to compile - all classes are up to date
[INFO] 
[INFO] --- maven-resources-plugin:2.6:testResources (default-testResources) @ MitrAppTest ---
[INFO] Using 'UTF-8' encoding to copy filtered resources.
[INFO] skip non existing resourceDirectory /jenkins/jobs/MicroMarket Automation/workspace/src/test/resources
[INFO] 
[INFO] --- maven-compiler-plugin:3.3:testCompile (default-testCompile) @ MitrAppTest ---
[INFO] Nothing to compile - all classes are up to date
[INFO] 
[INFO] --- maven-surefire-plugin:2.19.1:test (default-test) @ MitrAppTest ---

-------------------------------------------------------
 T E S T S
-------------------------------------------------------
Running TestSuite
chrome
OYOWeb: Able to ping 61.12.86.235 and http://61.12.86.235:4444/wd/hub
Post parameters : {"text":"org.openqa.selenium.TimeoutException: Timed out after 20 seconds waiting for visibility of element located by By.className: header__userAccount--userName\nBuild info: version: '2.50.0', revision: '1070ace4650453d518aeb03e7a9a36c9d264a8e7', time: '2016-01-27 10:46:18'\nSystem info: host: 'jenkins', ip: '127.0.1.1', os.name: 'Linux', os.arch: 'amd64', os.version: '3.2.0-4-amd64', java.version: '1.8.0_72'\nDriver info: org.openqa.selenium.remote.RemoteWebDriver\nCapabilities [{applicationCacheEnabled=false, rotatable=false, mobileEmulationEnabled=false, networkConnectionEnabled=false, chrome={chromedriverVersion=2.25.426923 (0390b88869384d6eb0d5d09729679f934aab9eed), userDataDir=C:\\Users\\OYO~1.OYO\\AppData\\Local\\Temp\\scoped_dir6016_21614}, takesHeapSnapshot=true, pageLoadStrategy=normal, databaseEnabled=false, handlesAlerts=true, hasTouchScreen=false, version=54.0.2840.99, platform=XP, browserConnectionEnabled=false, nativeEvents=true, acceptSslCerts=true, webdriver.remote.sessionid=16bff623-3681-4d04-9fae-d63bc9c0e876, locationContextEnabled=true, webStorageEnabled=true, browserName=chrome, takesScreenshot=true, javascriptEnabled=true, cssSelectorsEnabled=true}]\nSession ID: 16bff623-3681-4d04-9fae-d63bc9c0e876"}

Sending 'POST' request to URL : https://hooks.slack.com/services/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
Failed : CorporateHomePageTest : verifyCorporaeEmployeeAddition() :- Adding new corporate empolyee


https://www.oyorooms.com/business/accountdetails/employees/add

Retrying to execute test verifyCorporaeEmployeeAddition with status FAILURE for one more time.
Failed : CorporateHomePageTest : verifyCorporaeEmployeeAddition() :- Adding new corporate empolyee


https://www.oyorooms.com/business/accountdetails/employees/add

OYO WebTest Failed: _CorporateHomePageTest_verifyCorporaeEmployeeAddition_Adding new corporate empolyee
Tests run: 2, Failures: 2, Errors: 0, Skipped: 0, Time elapsed: 95.35 sec <<< FAILURE! - in TestSuite
verifyCorporaeEmployeeAddition(tests.CorporateHomePageTest)  Time elapsed: 14.428 sec  <<< FAILURE!
java.lang.AssertionError: expected [https://www.oyorooms.com/business/accountdetails/employees] but found [https://www.oyorooms.com/business/accountdetails/employees/add]
	at tests.CorporateHomePageTest.verifyCorporaeEmployeeAddition(CorporateHomePageTest.java:106)

verifyCorporaeEmployeeAddition(tests.CorporateHomePageTest)  Time elapsed: 14.576 sec  <<< FAILURE!
java.lang.AssertionError: expected [https://www.oyorooms.com/business/accountdetails/employees] but found [https://www.oyorooms.com/business/accountdetails/employees/add]
	at tests.CorporateHomePageTest.verifyCorporaeEmployeeAddition(CorporateHomePageTest.java:106)


Results :

Failed tests: 
tests.CorporateHomePageTest.verifyCorporaeEmployeeAddition(tests.CorporateHomePageTest)
  Run 1: CorporateHomePageTest.verifyCorporaeEmployeeAddition:106 expected [https://www.oyorooms.com/business/accountdetails/employees] but found [https://www.oyorooms.com/business/accountdetails/employees/add]
  Run 2: CorporateHomePageTest.verifyCorporaeEmployeeAddition:106 expected [https://www.oyorooms.com/business/accountdetails/employees] but found [https://www.oyorooms.com/business/accountdetails/employees/add]


Tests run: 1, Failures: 1, Errors: 0, Skipped: 0

[ERROR] There are test failures.

Please refer to /jenkins/jobs/MicroMarket Automation/workspace/target/surefire-reports for the individual test results.
[JENKINS] Recording test results
[INFO] ------------------------------------------------------------------------
[INFO] BUILD SUCCESS
[INFO] ------------------------------------------------------------------------
[INFO] Total time: 01:42 min
[INFO] Finished at: 2016-11-30T13:05:43+05:30
[INFO] Final Memory: 19M/267M
[INFO] ------------------------------------------------------------------------
[JENKINS] Archiving /jenkins/jobs/MicroMarket Automation/workspace/pom.xml to MitrAppTest/MitrAppTest/0.0.1-SNAPSHOT/MitrAppTest-0.0.1-SNAPSHOT.pom
Sending e-mails to: ravi.parshant@oyorooms.com
channel stopped
Sending e-mails to: ravi.parshant@oyorooms.com
Email was triggered for: Unstable (Test Failures)
Sending email for trigger: Unstable (Test Failures)
Sending email to: ravi.parshant@oyorooms.com
Finished: UNSTABLE